<?xml version="1.0" encoding="UTF-8"?>
<testsuite xmlns:xsi="http://www.w3.org/2001/XMLSchema-instance" xsi:noNamespaceSchemaLocation="https://maven.apache.org/surefire/maven-surefire-plugin/xsd/surefire-test-report.xsd" version="3.0.2" name="ru.rusguardian.pastebox.PasteboxServiceTest" time="1.315" tests="2" errors="0" skipped="0" failures="0">
  <properties>
[...]
</properties>
  <testcase name="getExistHash" classname="ru.rusguardian.pastebox.PasteboxServiceTest" time="0.059">
    <system-out><![CDATA[2025-04-28T20:48:06.002+05:00  INFO 11628 --- [           main] t.c.s.AnnotationConfigContextLoaderUtils : Could not detect default configuration classes for test class [ru.rusguardian.pastebox.PasteboxServiceTest]: PasteboxServiceTest does not declare any static, non-private, non-final, nested classes annotated with @Configuration.
2025-04-28T20:48:06.014+05:00  INFO 11628 --- [           main] .b.t.c.SpringBootTestContextBootstrapper : Found @SpringBootConfiguration ru.rusguardian.pastebox.PasteboxApplication for test class ru.rusguardian.pastebox.PasteboxServiceTest

  .   ____          _            __ _ _
 /\\ / ___'_ __ _ _(_)_ __  __ _ \ \ \ \
( ( )\___ | '_ | '_| | '_ \/ _` | \ \ \ \
 \\/  ___)| |_)| | | | | || (_| |  ) ) ) )
  '  |____| .__|_| |_|_| |_\__, | / / / /
 =========|_|==============|___/=/_/_/_/

 :: Spring Boot ::                (v3.4.5)

2025-04-28T20:48:06.270+05:00  INFO 11628 --- [           main] r.r.pastebox.PasteboxServiceTest         : Starting PasteboxServiceTest using Java 23.0.1 with PID 11628 (started by dk in C:\Users\dk\OneDrive\Desktop\pastebox)
2025-04-28T20:48:06.271+05:00  INFO 11628 --- [           main] r.r.pastebox.PasteboxServiceTest         : No active profile set, falling back to 1 default profile: "default"
2025-04-28T20:48:07.201+05:00  INFO 11628 --- [           main] r.r.pastebox.PasteboxServiceTest         : Started PasteboxServiceTest in 1.167 seconds (process running for 9.415)
]]></system-out>
  </testcase>
  <testcase name="notExistHash" classname="ru.rusguardian.pastebox.PasteboxServiceTest" time="0.029"/>
</testsuite>